<?xml version="1.0" encoding="UTF-8"?>
<!-- Generated by org.testng.reporters.JUnitReportReporter -->
<testsuite hostname="shikhar-Inspiron-15-3567" failures="0" tests="1" name="com.darwinbox.loginPage.LoginPage" time="14.262" errors="0" timestamp="28 Oct 2017 12:12:50 GMT">
  <testcase classname="com.darwinbox.loginPage.LoginPage" name="Login_To_Application" time="14.262"/>
</testsuite> <!-- com.darwinbox.loginPage.LoginPage -->
