<?xml version="1.0" encoding="UTF-8"?>
<!-- Generated by org.testng.reporters.JUnitReportReporter -->
<testsuite hostname="shikhar-Inspiron-15-3567" failures="0" tests="1" name="com.darwinbox.settings.Settings" time="4.523" errors="0" timestamp="28 Oct 2017 11:36:39 GMT">
  <testcase classname="com.darwinbox.settings.Settings" name="firstTestCase" time="4.523"/>
</testsuite> <!-- com.darwinbox.settings.Settings -->
